设置 REDUCE 发生冲突! 状态: 93 展望符: 'else'


===============开始解析===============

=====================================
第 1 步
状态栈: [0]
符号栈: [$]
当前状态: 0, 当前符号: { 转换后: {
动作类别: shift 期望下一步状态: 3
执行移入操作


=====================================
第 2 步
状态栈: [0 3]
符号栈: [$ {]
当前状态: 3, 当前符号: int 转换后: basic
动作类别: reduce 期望下一步状态: 3
使用产生式 decls -> [] 规约
转移状态到 4


=====================================
第 3 步
状态栈: [0 3 4]
符号栈: [$ { decls]
当前状态: 4, 当前符号: int 转换后: basic
动作类别: shift 期望下一步状态: 9
执行移入操作


=====================================
第 4 步
状态栈: [0 3 4 9]
符号栈: [$ { decls int]
当前状态: 9, 当前符号: a 转换后: id
动作类别: reduce 期望下一步状态: 7
使用产生式 type -> [basic] 规约
[符号表] 触发类型定义，该类型为 int
转移状态到 7


=====================================
第 5 步
状态栈: [0 3 4 7]
符号栈: [$ { decls type]
当前状态: 7, 当前符号: a 转换后: id
动作类别: shift 期望下一步状态: 21
执行移入操作


=====================================
第 6 步
状态栈: [0 3 4 7 21]
符号栈: [$ { decls type a]
当前状态: 21, 当前符号: ; 转换后: ;
动作类别: shift 期望下一步状态: 30
执行移入操作


=====================================
第 7 步
状态栈: [0 3 4 7 21 30]
符号栈: [$ { decls type a ;]
当前状态: 30, 当前符号: } 转换后: }
动作类别: reduce 期望下一步状态: 4
使用产生式 decl -> [type id ;] 规约
[符号表] 定义变量 a 类型为 int size:0
转移状态到 6


=====================================
第 8 步
状态栈: [0 3 4 6]
符号栈: [$ { decls decl]
当前状态: 6, 当前符号: } 转换后: }
动作类别: reduce 期望下一步状态: 2
使用产生式 decls -> [decls decl] 规约
转移状态到 4


=====================================
第 9 步
状态栈: [0 3 4]
符号栈: [$ { decls]
当前状态: 4, 当前符号: } 转换后: }
动作类别: reduce 期望下一步状态: 9
使用产生式 stmts -> [] 规约
转移状态到 5


=====================================
第 10 步
状态栈: [0 3 4 5]
符号栈: [$ { decls stmts]
当前状态: 5, 当前符号: } 转换后: }
动作类别: shift 期望下一步状态: 12
执行移入操作


=====================================
第 11 步
状态栈: [0 3 4 5 12]
符号栈: [$ { decls stmts }]
当前状态: 12, 当前符号:  转换后: $
动作类别: reduce 期望下一步状态: 1
使用产生式 block -> [{ decls stmts }] 规约
转移状态到 2


=====================================
第 12 步
状态栈: [0 2]
符号栈: [$ block]
当前状态: 2, 当前符号:  转换后: $
动作类别: reduce 期望下一步状态: 0
使用产生式 program -> [block] 规约
转移状态到 1


=====================================
第 13 步
状态栈: [0 1]
符号栈: [$ program]
当前状态: 1, 当前符号:  转换后: $
动作类别: accept 期望下一步状态: 0


>>> 成功完成解析.


===============三地址码===============


===============符号表===============
名称: a, 类型: VAR, 作用域: 1 地址: t919
