设置 REDUCE 发生冲突! 状态: 93 展望符: 'else'


===============开始解析===============

=====================================
第 1 步
状态栈: [0]
符号栈: [$]
当前状态: 0, 当前符号: { 转换后: {
动作类别: shift 期望下一步状态: 3
执行移入操作


=====================================
第 2 步
状态栈: [0 3]
符号栈: [$ {]
当前状态: 3, 当前符号: int 转换后: basic
动作类别: reduce 期望下一步状态: 3
使用产生式 decls -> [] 规约
转移状态到 4


=====================================
第 3 步
状态栈: [0 3 4]
符号栈: [$ { decls]
当前状态: 4, 当前符号: int 转换后: basic
动作类别: shift 期望下一步状态: 9
执行移入操作


=====================================
第 4 步
状态栈: [0 3 4 9]
符号栈: [$ { decls int]
当前状态: 9, 当前符号: ; 转换后: ;
解析错误：无法找到状态 9 和符号 ; 的动作


===============三地址码===============


===============符号表===============
