Type: 保留字        Value: package
Type: 标识符        Value: main
Type: 保留字        Value: import
Type: 字符串        Value: fmt
Type: 保留字        Value: func
Type: 标识符        Value: main
Type: 分隔符        Value: (
Type: 分隔符        Value: )
Type: 分隔符        Value: {
Type: 保留字        Value: var
Type: 标识符        Value: number
Type: 保留字        Value: int
Type: 运算符        Value: =
Type: 数字         Value: 42
Type: 保留字        Value: var
Type: 标识符        Value: str
Type: 保留字        Value: string
Type: 运算符        Value: =
Type: 字符串        Value: Hello, World!
Type: 标识符        Value: fmt
Type: 分隔符        Value: .
Type: 标识符        Value: Println
Type: 分隔符        Value: (
Type: 标识符        Value: number
Type: 分隔符        Value: ,
Type: 标识符        Value: str
Type: 分隔符        Value: )
Type: 保留字        Value: var
Type: 标识符        Value: invalid
错误：未知字符 '@', 位于 第 11 行, 第 16 列
Type: 标识符        Value: char
Type: 运算符        Value: =
Type: 字符串        Value: This is not valid.
Type: 分隔符        Value: }



符号表:
标识符: invalid    类型: 标识符        位置: (11, 9)
标识符: char       类型: 标识符        位置: (11, 17)
标识符: main       类型: 标识符        位置: (1, 9) (5, 6)
标识符: number     类型: 标识符        位置: (6, 9) (8, 17)
标识符: str        类型: 标识符        位置: (7, 9) (8, 25)
标识符: fmt        类型: 标识符        位置: (8, 5)
标识符: Println    类型: 标识符        位置: (8, 9)
