Type: 保留字        Value: func
Type: 标识符        Value: main
Type: 分隔符        Value: (
Type: 分隔符        Value: )
Type: 分隔符        Value: {
Type: 保留字        Value: var
Type: 标识符        Value: x
Type: 运算符        Value: =
Type: 数字         Value: 10
Type: 保留字        Value: if
Type: 标识符        Value: x
Type: 运算符        Value: >
Type: 数字         Value: 0
Type: 分隔符        Value: {
Type: 标识符        Value: x
Type: 运算符        Value: =
Type: 标识符        Value: x
Type: 运算符        Value: -
Type: 数字         Value: 1
Type: 分隔符        Value: }
Type: 保留字        Value: return
Type: 数字         Value: 0
Type: 分隔符        Value: ;
Type: 分隔符        Value: }



符号表:
标识符: main       类型: 标识符        位置: (1, 6)
标识符: x          类型: 标识符        位置: (3, 9) (4, 8) (5, 9) (5, 13)
