Type: 保留字        Value: package
Type: 标识符        Value: code
Type: 保留字        Value: import
Type: 分隔符        Value: (
Type: 字符串        Value: fmt
Type: 分隔符        Value: )
Type: 保留字        Value: func
Type: 标识符        Value: runDefer
Type: 分隔符        Value: (
Type: 分隔符        Value: )
Type: 分隔符        Value: {
Type: 标识符        Value: fmt
Type: 分隔符        Value: .
Type: 标识符        Value: Println
Type: 分隔符        Value: (
Type: 标识符        Value: test1
Type: 分隔符        Value: (
Type: 分隔符        Value: )
Type: 分隔符        Value: )
Type: 标识符        Value: fmt
Type: 分隔符        Value: .
Type: 标识符        Value: Println
Type: 分隔符        Value: (
Type: 标识符        Value: test2
Type: 分隔符        Value: (
Type: 分隔符        Value: )
Type: 分隔符        Value: )
Type: 标识符        Value: fmt
Type: 分隔符        Value: .
Type: 标识符        Value: Println
Type: 分隔符        Value: (
Type: 标识符        Value: test3
Type: 分隔符        Value: (
Type: 分隔符        Value: )
Type: 分隔符        Value: )
Type: 标识符        Value: fmt
Type: 分隔符        Value: .
Type: 标识符        Value: Println
Type: 分隔符        Value: (
Type: 标识符        Value: test4
Type: 分隔符        Value: (
Type: 分隔符        Value: )
Type: 分隔符        Value: )
Type: 保留字        Value: return
Type: 分隔符        Value: }
Type: 保留字        Value: func
Type: 标识符        Value: test1
Type: 分隔符        Value: (
Type: 分隔符        Value: )
Type: 分隔符        Value: (
Type: 标识符        Value: v
Type: 保留字        Value: int
Type: 分隔符        Value: )
Type: 分隔符        Value: {
Type: 保留字        Value: defer
Type: 标识符        Value: fmt
Type: 分隔符        Value: .
Type: 标识符        Value: Println
Type: 分隔符        Value: (
Type: 标识符        Value: v
Type: 分隔符        Value: )
Type: 保留字        Value: return
Type: 标识符        Value: v
Type: 分隔符        Value: }
Type: 保留字        Value: func
Type: 标识符        Value: test2
Type: 分隔符        Value: (
Type: 分隔符        Value: )
Type: 分隔符        Value: (
Type: 标识符        Value: v
Type: 保留字        Value: int
Type: 分隔符        Value: )
Type: 分隔符        Value: {
Type: 保留字        Value: defer
Type: 保留字        Value: func
Type: 分隔符        Value: (
Type: 分隔符        Value: )
Type: 分隔符        Value: {
Type: 标识符        Value: fmt
Type: 分隔符        Value: .
Type: 标识符        Value: Println
Type: 分隔符        Value: (
Type: 标识符        Value: v
Type: 分隔符        Value: )
Type: 分隔符        Value: }
Type: 分隔符        Value: (
Type: 分隔符        Value: )
Type: 保留字        Value: return
Type: 数字         Value: 3
Type: 分隔符        Value: }
Type: 保留字        Value: func
Type: 标识符        Value: test3
Type: 分隔符        Value: (
Type: 分隔符        Value: )
Type: 分隔符        Value: (
Type: 标识符        Value: v
Type: 保留字        Value: int
Type: 分隔符        Value: )
Type: 分隔符        Value: {
Type: 保留字        Value: defer
Type: 标识符        Value: fmt
Type: 分隔符        Value: .
Type: 标识符        Value: Println
Type: 分隔符        Value: (
Type: 标识符        Value: v
Type: 分隔符        Value: )
Type: 标识符        Value: v
Type: 运算符        Value: =
Type: 数字         Value: 3
Type: 保留字        Value: return
Type: 数字         Value: 4
Type: 分隔符        Value: }
Type: 保留字        Value: func
Type: 标识符        Value: test4
Type: 分隔符        Value: (
Type: 分隔符        Value: )
Type: 分隔符        Value: (
Type: 标识符        Value: v
Type: 保留字        Value: int
Type: 分隔符        Value: )
Type: 分隔符        Value: {
Type: 保留字        Value: defer
Type: 保留字        Value: func
Type: 分隔符        Value: (
Type: 标识符        Value: n
Type: 保留字        Value: int
Type: 分隔符        Value: )
Type: 分隔符        Value: {
Type: 标识符        Value: fmt
Type: 分隔符        Value: .
Type: 标识符        Value: Println
Type: 分隔符        Value: (
Type: 标识符        Value: n
Type: 分隔符        Value: )
Type: 分隔符        Value: }
Type: 分隔符        Value: (
Type: 标识符        Value: v
Type: 分隔符        Value: )
Type: 保留字        Value: return
Type: 数字         Value: 5
Type: 分隔符        Value: }



符号表:
标识符: test4      类型: 标识符        位置: (11, 14) (34, 6)
标识符: v          类型: 标识符        位置: (16, 15) (17, 20) (18, 9) (21, 15) (23, 15) (28, 15) (29, 20) (30, 2) (34, 15) (37, 4)
标识符: code       类型: 标识符        位置: (1, 9)
标识符: fmt        类型: 标识符        位置: (8, 2) (9, 2) (10, 2) (11, 2) (17, 8) (23, 3) (29, 8) (36, 3)
标识符: test1      类型: 标识符        位置: (8, 14) (16, 6)
标识符: test3      类型: 标识符        位置: (10, 14) (28, 6)
标识符: n          类型: 标识符        位置: (35, 13) (36, 15)
标识符: runDefer   类型: 标识符        位置: (7, 6)
标识符: Println    类型: 标识符        位置: (8, 6) (9, 6) (10, 6) (11, 6) (17, 12) (23, 7) (29, 12) (36, 7)
标识符: test2      类型: 标识符        位置: (9, 14) (21, 6)
